Looking for git in: git
Using git 2.17.1 from git
> git rev-parse --show-toplevel
> git rev-parse --git-dir
Open repository: /home/oisin/DrinkingGames/Drinking-Games
> git status -z -u
> git symbolic-ref --short HEAD
> git rev-parse master
> git rev-parse --symbolic-full-name master@{u}
> git rev-list --left-right master...refs/remotes/origin/master
> git for-each-ref --format %(refname) %(objectname) --sort -committerdate
> git remote --verbose
Failed to watch ref '/home/oisin/DrinkingGames/Drinking-Games/.git/refs/remotes/origin/master', is most likely packed.
Error: ENOENT: no such file or directory, watch '/home/oisin/DrinkingGames/Drinking-Games/.git/refs/remotes/origin/master'
	at FSWatcher.start (internal/fs/watchers.js:165:26)
	at Object.watch (fs.js:1270:11)
	at Object.t.watch (/usr/share/code/resources/app/extensions/git/dist/main.js:1:596789)
	at E.updateTransientWatchers (/usr/share/code/resources/app/extensions/git/dist/main.js:1:82747)
	at l.fire (/usr/share/code/resources/app/out/vs/workbench/services/extensions/node/extensionHostProcess.js:48:865)
	at R.updateModelState (/usr/share/code/resources/app/extensions/git/dist/main.js:1:101605)
> git config --get commit.template
> git check-ignore -v -z --stdin
> git status -z -u
> git symbolic-ref --short HEAD
> git rev-parse master
> git rev-parse --symbolic-full-name master@{u}
> git rev-list --left-right master...refs/remotes/origin/master
> git for-each-ref --format %(refname) %(objectname) --sort -committerdate
> git remote --verbose
Failed to watch ref '/home/oisin/DrinkingGames/Drinking-Games/.git/refs/remotes/origin/master', is most likely packed.
Error: ENOENT: no such file or directory, watch '/home/oisin/DrinkingGames/Drinking-Games/.git/refs/remotes/origin/master'
	at FSWatcher.start (internal/fs/watchers.js:165:26)
	at Object.watch (fs.js:1270:11)
	at Object.t.watch (/usr/share/code/resources/app/extensions/git/dist/main.js:1:596789)
	at E.updateTransientWatchers (/usr/share/code/resources/app/extensions/git/dist/main.js:1:82747)
	at l.fire (/usr/share/code/resources/app/out/vs/workbench/services/extensions/node/extensionHostProcess.js:48:865)
	at R.updateModelState (/usr/share/code/resources/app/extensions/git/dist/main.js:1:101605)
> git config --get commit.template
> git check-ignore -v -z --stdin
> git check-ignore -v -z --stdin
> git status -z -u
> git symbolic-ref --short HEAD
> git rev-parse master
> git rev-parse --symbolic-full-name master@{u}
> git rev-list --left-right master...refs/remotes/origin/master
> git for-each-ref --format %(refname) %(objectname) --sort -committerdate
> git remote --verbose
Failed to watch ref '/home/oisin/DrinkingGames/Drinking-Games/.git/refs/remotes/origin/master', is most likely packed.
Error: ENOENT: no such file or directory, watch '/home/oisin/DrinkingGames/Drinking-Games/.git/refs/remotes/origin/master'
	at FSWatcher.start (internal/fs/watchers.js:165:26)
	at Object.watch (fs.js:1270:11)
	at Object.t.watch (/usr/share/code/resources/app/extensions/git/dist/main.js:1:596789)
	at E.updateTransientWatchers (/usr/share/code/resources/app/extensions/git/dist/main.js:1:82747)
	at l.fire (/usr/share/code/resources/app/out/vs/workbench/services/extensions/node/extensionHostProcess.js:48:865)
	at R.updateModelState (/usr/share/code/resources/app/extensions/git/dist/main.js:1:101605)
> git config --get commit.template
> git check-ignore -v -z --stdin
> git show :.vscode/settings.json
> git ls-files --stage -- /home/oisin/DrinkingGames/Drinking-Games/.vscode/settings.json
> git status -z -u
> git symbolic-ref --short HEAD
> git rev-parse master
> git rev-parse --symbolic-full-name master@{u}
> git rev-list --left-right master...refs/remotes/origin/master
> git for-each-ref --format %(refname) %(objectname) --sort -committerdate
> git remote --verbose
Failed to watch ref '/home/oisin/DrinkingGames/Drinking-Games/.git/refs/remotes/origin/master', is most likely packed.
Error: ENOENT: no such file or directory, watch '/home/oisin/DrinkingGames/Drinking-Games/.git/refs/remotes/origin/master'
	at FSWatcher.start (internal/fs/watchers.js:165:26)
	at Object.watch (fs.js:1270:11)
	at Object.t.watch (/usr/share/code/resources/app/extensions/git/dist/main.js:1:596789)
	at E.updateTransientWatchers (/usr/share/code/resources/app/extensions/git/dist/main.js:1:82747)
	at l.fire (/usr/share/code/resources/app/out/vs/workbench/services/extensions/node/extensionHostProcess.js:48:865)
	at R.updateModelState (/usr/share/code/resources/app/extensions/git/dist/main.js:1:101605)
> git config --get commit.template
> git status -z -u
> git symbolic-ref --short HEAD
> git rev-parse master
> git rev-parse --symbolic-full-name master@{u}
> git rev-list --left-right master...refs/remotes/origin/master
> git for-each-ref --format %(refname) %(objectname) --sort -committerdate
> git remote --verbose
Failed to watch ref '/home/oisin/DrinkingGames/Drinking-Games/.git/refs/remotes/origin/master', is most likely packed.
Error: ENOENT: no such file or directory, watch '/home/oisin/DrinkingGames/Drinking-Games/.git/refs/remotes/origin/master'
	at FSWatcher.start (internal/fs/watchers.js:165:26)
	at Object.watch (fs.js:1270:11)
	at Object.t.watch (/usr/share/code/resources/app/extensions/git/dist/main.js:1:596789)
	at E.updateTransientWatchers (/usr/share/code/resources/app/extensions/git/dist/main.js:1:82747)
	at l.fire (/usr/share/code/resources/app/out/vs/workbench/services/extensions/node/extensionHostProcess.js:48:865)
	at R.updateModelState (/usr/share/code/resources/app/extensions/git/dist/main.js:1:101605)
> git config --get commit.template
> git status -z -u
> git symbolic-ref --short HEAD
> git rev-parse master
> git rev-parse --symbolic-full-name master@{u}
> git rev-list --left-right master...refs/remotes/origin/master
> git for-each-ref --format %(refname) %(objectname) --sort -committerdate
> git remote --verbose
Failed to watch ref '/home/oisin/DrinkingGames/Drinking-Games/.git/refs/remotes/origin/master', is most likely packed.
Error: ENOENT: no such file or directory, watch '/home/oisin/DrinkingGames/Drinking-Games/.git/refs/remotes/origin/master'
	at FSWatcher.start (internal/fs/watchers.js:165:26)
	at Object.watch (fs.js:1270:11)
	at Object.t.watch (/usr/share/code/resources/app/extensions/git/dist/main.js:1:596789)
	at E.updateTransientWatchers (/usr/share/code/resources/app/extensions/git/dist/main.js:1:82747)
	at l.fire (/usr/share/code/resources/app/out/vs/workbench/services/extensions/node/extensionHostProcess.js:48:865)
	at R.updateModelState (/usr/share/code/resources/app/extensions/git/dist/main.js:1:101605)
> git config --get commit.template
> git status -z -u
> git symbolic-ref --short HEAD
> git rev-parse master
> git rev-parse --symbolic-full-name master@{u}
> git rev-list --left-right master...refs/remotes/origin/master
> git for-each-ref --format %(refname) %(objectname) --sort -committerdate
> git remote --verbose
Failed to watch ref '/home/oisin/DrinkingGames/Drinking-Games/.git/refs/remotes/origin/master', is most likely packed.
Error: ENOENT: no such file or directory, watch '/home/oisin/DrinkingGames/Drinking-Games/.git/refs/remotes/origin/master'
	at FSWatcher.start (internal/fs/watchers.js:165:26)
	at Object.watch (fs.js:1270:11)
	at Object.t.watch (/usr/share/code/resources/app/extensions/git/dist/main.js:1:596789)
	at E.updateTransientWatchers (/usr/share/code/resources/app/extensions/git/dist/main.js:1:82747)
	at l.fire (/usr/share/code/resources/app/out/vs/workbench/services/extensions/node/extensionHostProcess.js:48:865)
	at R.updateModelState (/usr/share/code/resources/app/extensions/git/dist/main.js:1:101605)
> git config --get commit.template
> git status -z -u
> git symbolic-ref --short HEAD
> git rev-parse master
> git rev-parse --symbolic-full-name master@{u}
> git rev-list --left-right master...refs/remotes/origin/master
> git for-each-ref --format %(refname) %(objectname) --sort -committerdate
> git remote --verbose
Failed to watch ref '/home/oisin/DrinkingGames/Drinking-Games/.git/refs/remotes/origin/master', is most likely packed.
Error: ENOENT: no such file or directory, watch '/home/oisin/DrinkingGames/Drinking-Games/.git/refs/remotes/origin/master'
	at FSWatcher.start (internal/fs/watchers.js:165:26)
	at Object.watch (fs.js:1270:11)
	at Object.t.watch (/usr/share/code/resources/app/extensions/git/dist/main.js:1:596789)
	at E.updateTransientWatchers (/usr/share/code/resources/app/extensions/git/dist/main.js:1:82747)
	at l.fire (/usr/share/code/resources/app/out/vs/workbench/services/extensions/node/extensionHostProcess.js:48:865)
	at R.updateModelState (/usr/share/code/resources/app/extensions/git/dist/main.js:1:101605)
> git config --get commit.template
> git show :.vscode/settings.json
> git ls-files --stage -- /home/oisin/DrinkingGames/Drinking-Games/.vscode/settings.json
> git show :api/models/cardimage.js
> git ls-files --stage -- /home/oisin/DrinkingGames/Drinking-Games/api/models/cardimage.js
> git show :.vscode/settings.json
> git ls-files --stage -- /home/oisin/DrinkingGames/Drinking-Games/.vscode/settings.json
> git show :api/models/cardimage.js
> git ls-files --stage -- /home/oisin/DrinkingGames/Drinking-Games/api/models/cardimage.js
> git show :api/models/game.js
> git ls-files --stage -- /home/oisin/DrinkingGames/Drinking-Games/api/models/game.js
> git status -z -u
> git symbolic-ref --short HEAD
> git rev-parse master
> git rev-parse --symbolic-full-name master@{u}
> git rev-list --left-right master...refs/remotes/origin/master
> git for-each-ref --format %(refname) %(objectname) --sort -committerdate
> git remote --verbose
Failed to watch ref '/home/oisin/DrinkingGames/Drinking-Games/.git/refs/remotes/origin/master', is most likely packed.
Error: ENOENT: no such file or directory, watch '/home/oisin/DrinkingGames/Drinking-Games/.git/refs/remotes/origin/master'
	at FSWatcher.start (internal/fs/watchers.js:165:26)
	at Object.watch (fs.js:1270:11)
	at Object.t.watch (/usr/share/code/resources/app/extensions/git/dist/main.js:1:596789)
	at E.updateTransientWatchers (/usr/share/code/resources/app/extensions/git/dist/main.js:1:82747)
	at l.fire (/usr/share/code/resources/app/out/vs/workbench/services/extensions/node/extensionHostProcess.js:48:865)
	at R.updateModelState (/usr/share/code/resources/app/extensions/git/dist/main.js:1:101605)
> git config --get commit.template
> git status -z -u
> git symbolic-ref --short HEAD
> git rev-parse master
> git rev-parse --symbolic-full-name master@{u}
> git rev-list --left-right master...refs/remotes/origin/master
> git for-each-ref --format %(refname) %(objectname) --sort -committerdate
> git remote --verbose
Failed to watch ref '/home/oisin/DrinkingGames/Drinking-Games/.git/refs/remotes/origin/master', is most likely packed.
Error: ENOENT: no such file or directory, watch '/home/oisin/DrinkingGames/Drinking-Games/.git/refs/remotes/origin/master'
	at FSWatcher.start (internal/fs/watchers.js:165:26)
	at Object.watch (fs.js:1270:11)
	at Object.t.watch (/usr/share/code/resources/app/extensions/git/dist/main.js:1:596789)
	at E.updateTransientWatchers (/usr/share/code/resources/app/extensions/git/dist/main.js:1:82747)
	at l.fire (/usr/share/code/resources/app/out/vs/workbench/services/extensions/node/extensionHostProcess.js:48:865)
	at R.updateModelState (/usr/share/code/resources/app/extensions/git/dist/main.js:1:101605)
> git config --get commit.template
> git show :api/models/user.js
> git ls-files --stage -- /home/oisin/DrinkingGames/Drinking-Games/api/models/user.js
> git status -z -u
> git symbolic-ref --short HEAD
> git rev-parse master
> git rev-parse --symbolic-full-name master@{u}
> git rev-list --left-right master...refs/remotes/origin/master
> git for-each-ref --format %(refname) %(objectname) --sort -committerdate
> git remote --verbose
Failed to watch ref '/home/oisin/DrinkingGames/Drinking-Games/.git/refs/remotes/origin/master', is most likely packed.
Error: ENOENT: no such file or directory, watch '/home/oisin/DrinkingGames/Drinking-Games/.git/refs/remotes/origin/master'
	at FSWatcher.start (internal/fs/watchers.js:165:26)
	at Object.watch (fs.js:1270:11)
	at Object.t.watch (/usr/share/code/resources/app/extensions/git/dist/main.js:1:596789)
	at E.updateTransientWatchers (/usr/share/code/resources/app/extensions/git/dist/main.js:1:82747)
	at l.fire (/usr/share/code/resources/app/out/vs/workbench/services/extensions/node/extensionHostProcess.js:48:865)
	at R.updateModelState (/usr/share/code/resources/app/extensions/git/dist/main.js:1:101605)
> git config --get commit.template
> git status -z -u
> git symbolic-ref --short HEAD
> git rev-parse master
> git rev-parse --symbolic-full-name master@{u}
> git rev-list --left-right master...refs/remotes/origin/master
> git for-each-ref --format %(refname) %(objectname) --sort -committerdate
> git remote --verbose
Failed to watch ref '/home/oisin/DrinkingGames/Drinking-Games/.git/refs/remotes/origin/master', is most likely packed.
Error: ENOENT: no such file or directory, watch '/home/oisin/DrinkingGames/Drinking-Games/.git/refs/remotes/origin/master'
	at FSWatcher.start (internal/fs/watchers.js:165:26)
	at Object.watch (fs.js:1270:11)
	at Object.t.watch (/usr/share/code/resources/app/extensions/git/dist/main.js:1:596789)
	at E.updateTransientWatchers (/usr/share/code/resources/app/extensions/git/dist/main.js:1:82747)
	at l.fire (/usr/share/code/resources/app/out/vs/workbench/services/extensions/node/extensionHostProcess.js:48:865)
	at R.updateModelState (/usr/share/code/resources/app/extensions/git/dist/main.js:1:101605)
> git config --get commit.template
> git status -z -u
> git symbolic-ref --short HEAD
> git rev-parse master
> git rev-parse --symbolic-full-name master@{u}
> git rev-list --left-right master...refs/remotes/origin/master
> git for-each-ref --format %(refname) %(objectname) --sort -committerdate
> git remote --verbose
Failed to watch ref '/home/oisin/DrinkingGames/Drinking-Games/.git/refs/remotes/origin/master', is most likely packed.
Error: ENOENT: no such file or directory, watch '/home/oisin/DrinkingGames/Drinking-Games/.git/refs/remotes/origin/master'
	at FSWatcher.start (internal/fs/watchers.js:165:26)
	at Object.watch (fs.js:1270:11)
	at Object.t.watch (/usr/share/code/resources/app/extensions/git/dist/main.js:1:596789)
	at E.updateTransientWatchers (/usr/share/code/resources/app/extensions/git/dist/main.js:1:82747)
	at l.fire (/usr/share/code/resources/app/out/vs/workbench/services/extensions/node/extensionHostProcess.js:48:865)
	at R.updateModelState (/usr/share/code/resources/app/extensions/git/dist/main.js:1:101605)
> git config --get commit.template
> git status -z -u
> git symbolic-ref --short HEAD
> git rev-parse master
> git rev-parse --symbolic-full-name master@{u}
> git rev-list --left-right master...refs/remotes/origin/master
> git for-each-ref --format %(refname) %(objectname) --sort -committerdate
> git remote --verbose
Failed to watch ref '/home/oisin/DrinkingGames/Drinking-Games/.git/refs/remotes/origin/master', is most likely packed.
Error: ENOENT: no such file or directory, watch '/home/oisin/DrinkingGames/Drinking-Games/.git/refs/remotes/origin/master'
	at FSWatcher.start (internal/fs/watchers.js:165:26)
	at Object.watch (fs.js:1270:11)
	at Object.t.watch (/usr/share/code/resources/app/extensions/git/dist/main.js:1:596789)
	at E.updateTransientWatchers (/usr/share/code/resources/app/extensions/git/dist/main.js:1:82747)
	at l.fire (/usr/share/code/resources/app/out/vs/workbench/services/extensions/node/extensionHostProcess.js:48:865)
	at R.updateModelState (/usr/share/code/resources/app/extensions/git/dist/main.js:1:101605)
> git config --get commit.template
> git status -z -u
> git symbolic-ref --short HEAD
> git rev-parse master
> git rev-parse --symbolic-full-name master@{u}
> git rev-list --left-right master...refs/remotes/origin/master
> git for-each-ref --format %(refname) %(objectname) --sort -committerdate
> git remote --verbose
Failed to watch ref '/home/oisin/DrinkingGames/Drinking-Games/.git/refs/remotes/origin/master', is most likely packed.
Error: ENOENT: no such file or directory, watch '/home/oisin/DrinkingGames/Drinking-Games/.git/refs/remotes/origin/master'
	at FSWatcher.start (internal/fs/watchers.js:165:26)
	at Object.watch (fs.js:1270:11)
	at Object.t.watch (/usr/share/code/resources/app/extensions/git/dist/main.js:1:596789)
	at E.updateTransientWatchers (/usr/share/code/resources/app/extensions/git/dist/main.js:1:82747)
	at l.fire (/usr/share/code/resources/app/out/vs/workbench/services/extensions/node/extensionHostProcess.js:48:865)
	at R.updateModelState (/usr/share/code/resources/app/extensions/git/dist/main.js:1:101605)
> git config --get commit.template
> git status -z -u
> git symbolic-ref --short HEAD
> git rev-parse master
> git rev-parse --symbolic-full-name master@{u}
> git rev-list --left-right master...refs/remotes/origin/master
> git for-each-ref --format %(refname) %(objectname) --sort -committerdate
> git remote --verbose
Failed to watch ref '/home/oisin/DrinkingGames/Drinking-Games/.git/refs/remotes/origin/master', is most likely packed.
Error: ENOENT: no such file or directory, watch '/home/oisin/DrinkingGames/Drinking-Games/.git/refs/remotes/origin/master'
	at FSWatcher.start (internal/fs/watchers.js:165:26)
	at Object.watch (fs.js:1270:11)
	at Object.t.watch (/usr/share/code/resources/app/extensions/git/dist/main.js:1:596789)
	at E.updateTransientWatchers (/usr/share/code/resources/app/extensions/git/dist/main.js:1:82747)
	at l.fire (/usr/share/code/resources/app/out/vs/workbench/services/extensions/node/extensionHostProcess.js:48:865)
	at R.updateModelState (/usr/share/code/resources/app/extensions/git/dist/main.js:1:101605)
> git config --get commit.template
> git show :api/models/cardimage.js
> git ls-files --stage -- /home/oisin/DrinkingGames/Drinking-Games/api/models/cardimage.js
> git status -z -u
> git symbolic-ref --short HEAD
> git rev-parse master
> git rev-parse --symbolic-full-name master@{u}
> git rev-list --left-right master...refs/remotes/origin/master
> git for-each-ref --format %(refname) %(objectname) --sort -committerdate
> git remote --verbose
Failed to watch ref '/home/oisin/DrinkingGames/Drinking-Games/.git/refs/remotes/origin/master', is most likely packed.
Error: ENOENT: no such file or directory, watch '/home/oisin/DrinkingGames/Drinking-Games/.git/refs/remotes/origin/master'
	at FSWatcher.start (internal/fs/watchers.js:165:26)
	at Object.watch (fs.js:1270:11)
	at Object.t.watch (/usr/share/code/resources/app/extensions/git/dist/main.js:1:596789)
	at E.updateTransientWatchers (/usr/share/code/resources/app/extensions/git/dist/main.js:1:82747)
	at l.fire (/usr/share/code/resources/app/out/vs/workbench/services/extensions/node/extensionHostProcess.js:48:865)
	at R.updateModelState (/usr/share/code/resources/app/extensions/git/dist/main.js:1:101605)
> git config --get commit.template
> git show :api/models/game.js
> git ls-files --stage -- /home/oisin/DrinkingGames/Drinking-Games/api/models/game.js
> git status -z -u
> git symbolic-ref --short HEAD
> git rev-parse master
> git rev-parse --symbolic-full-name master@{u}
> git rev-list --left-right master...refs/remotes/origin/master
> git for-each-ref --format %(refname) %(objectname) --sort -committerdate
> git remote --verbose
Failed to watch ref '/home/oisin/DrinkingGames/Drinking-Games/.git/refs/remotes/origin/master', is most likely packed.
Error: ENOENT: no such file or directory, watch '/home/oisin/DrinkingGames/Drinking-Games/.git/refs/remotes/origin/master'
	at FSWatcher.start (internal/fs/watchers.js:165:26)
	at Object.watch (fs.js:1270:11)
	at Object.t.watch (/usr/share/code/resources/app/extensions/git/dist/main.js:1:596789)
	at E.updateTransientWatchers (/usr/share/code/resources/app/extensions/git/dist/main.js:1:82747)
	at l.fire (/usr/share/code/resources/app/out/vs/workbench/services/extensions/node/extensionHostProcess.js:48:865)
	at R.updateModelState (/usr/share/code/resources/app/extensions/git/dist/main.js:1:101605)
> git config --get commit.template
> git show :api/models/ruleset.js
> git ls-files --stage -- /home/oisin/DrinkingGames/Drinking-Games/api/models/ruleset.js
> git status -z -u
> git symbolic-ref --short HEAD
> git rev-parse master
> git rev-parse --symbolic-full-name master@{u}
> git rev-list --left-right master...refs/remotes/origin/master
> git for-each-ref --format %(refname) %(objectname) --sort -committerdate
> git remote --verbose
Failed to watch ref '/home/oisin/DrinkingGames/Drinking-Games/.git/refs/remotes/origin/master', is most likely packed.
Error: ENOENT: no such file or directory, watch '/home/oisin/DrinkingGames/Drinking-Games/.git/refs/remotes/origin/master'
	at FSWatcher.start (internal/fs/watchers.js:165:26)
	at Object.watch (fs.js:1270:11)
	at Object.t.watch (/usr/share/code/resources/app/extensions/git/dist/main.js:1:596789)
	at E.updateTransientWatchers (/usr/share/code/resources/app/extensions/git/dist/main.js:1:82747)
	at l.fire (/usr/share/code/resources/app/out/vs/workbench/services/extensions/node/extensionHostProcess.js:48:865)
	at R.updateModelState (/usr/share/code/resources/app/extensions/git/dist/main.js:1:101605)
> git config --get commit.template
> git show :api/models/ruleorder.js
> git ls-files --stage -- /home/oisin/DrinkingGames/Drinking-Games/api/models/ruleorder.js
> git show :api/models/rule.js
> git ls-files --stage -- /home/oisin/DrinkingGames/Drinking-Games/api/models/rule.js
> git status -z -u
> git symbolic-ref --short HEAD
> git rev-parse master
> git rev-parse --symbolic-full-name master@{u}
> git rev-list --left-right master...refs/remotes/origin/master
> git for-each-ref --format %(refname) %(objectname) --sort -committerdate
> git remote --verbose
Failed to watch ref '/home/oisin/DrinkingGames/Drinking-Games/.git/refs/remotes/origin/master', is most likely packed.
Error: ENOENT: no such file or directory, watch '/home/oisin/DrinkingGames/Drinking-Games/.git/refs/remotes/origin/master'
	at FSWatcher.start (internal/fs/watchers.js:165:26)
	at Object.watch (fs.js:1270:11)
	at Object.t.watch (/usr/share/code/resources/app/extensions/git/dist/main.js:1:596789)
	at E.updateTransientWatchers (/usr/share/code/resources/app/extensions/git/dist/main.js:1:82747)
	at l.fire (/usr/share/code/resources/app/out/vs/workbench/services/extensions/node/extensionHostProcess.js:48:865)
	at R.updateModelState (/usr/share/code/resources/app/extensions/git/dist/main.js:1:101605)
> git config --get commit.template
> git show :api/models/ruleorder.js
> git ls-files --stage -- /home/oisin/DrinkingGames/Drinking-Games/api/models/ruleorder.js
> git show :api/models/ruleset.js
> git ls-files --stage -- /home/oisin/DrinkingGames/Drinking-Games/api/models/ruleset.js
> git status -z -u
> git symbolic-ref --short HEAD
> git rev-parse master
> git rev-parse --symbolic-full-name master@{u}
> git rev-list --left-right master...refs/remotes/origin/master
> git for-each-ref --format %(refname) %(objectname) --sort -committerdate
> git remote --verbose
Failed to watch ref '/home/oisin/DrinkingGames/Drinking-Games/.git/refs/remotes/origin/master', is most likely packed.
Error: ENOENT: no such file or directory, watch '/home/oisin/DrinkingGames/Drinking-Games/.git/refs/remotes/origin/master'
	at FSWatcher.start (internal/fs/watchers.js:165:26)
	at Object.watch (fs.js:1270:11)
	at Object.t.watch (/usr/share/code/resources/app/extensions/git/dist/main.js:1:596789)
	at E.updateTransientWatchers (/usr/share/code/resources/app/extensions/git/dist/main.js:1:82747)
	at l.fire (/usr/share/code/resources/app/out/vs/workbench/services/extensions/node/extensionHostProcess.js:48:865)
	at R.updateModelState (/usr/share/code/resources/app/extensions/git/dist/main.js:1:101605)
> git config --get commit.template
> git status -z -u
> git symbolic-ref --short HEAD
> git rev-parse master
> git rev-parse --symbolic-full-name master@{u}
> git rev-list --left-right master...refs/remotes/origin/master
> git for-each-ref --format %(refname) %(objectname) --sort -committerdate
> git remote --verbose
Failed to watch ref '/home/oisin/DrinkingGames/Drinking-Games/.git/refs/remotes/origin/master', is most likely packed.
Error: ENOENT: no such file or directory, watch '/home/oisin/DrinkingGames/Drinking-Games/.git/refs/remotes/origin/master'
	at FSWatcher.start (internal/fs/watchers.js:165:26)
	at Object.watch (fs.js:1270:11)
	at Object.t.watch (/usr/share/code/resources/app/extensions/git/dist/main.js:1:596789)
	at E.updateTransientWatchers (/usr/share/code/resources/app/extensions/git/dist/main.js:1:82747)
	at l.fire (/usr/share/code/resources/app/out/vs/workbench/services/extensions/node/extensionHostProcess.js:48:865)
	at R.updateModelState (/usr/share/code/resources/app/extensions/git/dist/main.js:1:101605)
> git config --get commit.template
> git status -z -u
> git symbolic-ref --short HEAD
> git rev-parse master
> git rev-parse --symbolic-full-name master@{u}
> git rev-list --left-right master...refs/remotes/origin/master
> git for-each-ref --format %(refname) %(objectname) --sort -committerdate
> git remote --verbose
Failed to watch ref '/home/oisin/DrinkingGames/Drinking-Games/.git/refs/remotes/origin/master', is most likely packed.
Error: ENOENT: no such file or directory, watch '/home/oisin/DrinkingGames/Drinking-Games/.git/refs/remotes/origin/master'
	at FSWatcher.start (internal/fs/watchers.js:165:26)
	at Object.watch (fs.js:1270:11)
	at Object.t.watch (/usr/share/code/resources/app/extensions/git/dist/main.js:1:596789)
	at E.updateTransientWatchers (/usr/share/code/resources/app/extensions/git/dist/main.js:1:82747)
	at l.fire (/usr/share/code/resources/app/out/vs/workbench/services/extensions/node/extensionHostProcess.js:48:865)
	at R.updateModelState (/usr/share/code/resources/app/extensions/git/dist/main.js:1:101605)
> git config --get commit.template
> git status -z -u
> git symbolic-ref --short HEAD
> git rev-parse master
> git rev-parse --symbolic-full-name master@{u}
> git rev-list --left-right master...refs/remotes/origin/master
> git for-each-ref --format %(refname) %(objectname) --sort -committerdate
> git remote --verbose
Failed to watch ref '/home/oisin/DrinkingGames/Drinking-Games/.git/refs/remotes/origin/master', is most likely packed.
Error: ENOENT: no such file or directory, watch '/home/oisin/DrinkingGames/Drinking-Games/.git/refs/remotes/origin/master'
	at FSWatcher.start (internal/fs/watchers.js:165:26)
	at Object.watch (fs.js:1270:11)
	at Object.t.watch (/usr/share/code/resources/app/extensions/git/dist/main.js:1:596789)
	at E.updateTransientWatchers (/usr/share/code/resources/app/extensions/git/dist/main.js:1:82747)
	at l.fire (/usr/share/code/resources/app/out/vs/workbench/services/extensions/node/extensionHostProcess.js:48:865)
	at R.updateModelState (/usr/share/code/resources/app/extensions/git/dist/main.js:1:101605)
> git config --get commit.template
> git show :api/models/rule.js
> git ls-files --stage -- /home/oisin/DrinkingGames/Drinking-Games/api/models/rule.js
> git show :api/models/game.js
> git ls-files --stage -- /home/oisin/DrinkingGames/Drinking-Games/api/models/game.js
> git show :api/models/rule.js
> git ls-files --stage -- /home/oisin/DrinkingGames/Drinking-Games/api/models/rule.js
> git show :api/models/game.js
> git ls-files --stage -- /home/oisin/DrinkingGames/Drinking-Games/api/models/game.js
> git status -z -u
> git symbolic-ref --short HEAD
> git rev-parse master
> git rev-parse --symbolic-full-name master@{u}
> git rev-list --left-right master...refs/remotes/origin/master
> git for-each-ref --format %(refname) %(objectname) --sort -committerdate
> git remote --verbose
Failed to watch ref '/home/oisin/DrinkingGames/Drinking-Games/.git/refs/remotes/origin/master', is most likely packed.
Error: ENOENT: no such file or directory, watch '/home/oisin/DrinkingGames/Drinking-Games/.git/refs/remotes/origin/master'
	at FSWatcher.start (internal/fs/watchers.js:165:26)
	at Object.watch (fs.js:1270:11)
	at Object.t.watch (/usr/share/code/resources/app/extensions/git/dist/main.js:1:596789)
	at E.updateTransientWatchers (/usr/share/code/resources/app/extensions/git/dist/main.js:1:82747)
	at l.fire (/usr/share/code/resources/app/out/vs/workbench/services/extensions/node/extensionHostProcess.js:48:865)
	at R.updateModelState (/usr/share/code/resources/app/extensions/git/dist/main.js:1:101605)
> git config --get commit.template
> git status -z -u
> git symbolic-ref --short HEAD
> git rev-parse master
> git rev-parse --symbolic-full-name master@{u}
> git rev-list --left-right master...refs/remotes/origin/master
> git for-each-ref --format %(refname) %(objectname) --sort -committerdate
> git remote --verbose
Failed to watch ref '/home/oisin/DrinkingGames/Drinking-Games/.git/refs/remotes/origin/master', is most likely packed.
Error: ENOENT: no such file or directory, watch '/home/oisin/DrinkingGames/Drinking-Games/.git/refs/remotes/origin/master'
	at FSWatcher.start (internal/fs/watchers.js:165:26)
	at Object.watch (fs.js:1270:11)
	at Object.t.watch (/usr/share/code/resources/app/extensions/git/dist/main.js:1:596789)
	at E.updateTransientWatchers (/usr/share/code/resources/app/extensions/git/dist/main.js:1:82747)
	at l.fire (/usr/share/code/resources/app/out/vs/workbench/services/extensions/node/extensionHostProcess.js:48:865)
	at R.updateModelState (/usr/share/code/resources/app/extensions/git/dist/main.js:1:101605)
> git config --get commit.template
> git show :api/models/cardimage.js
> git ls-files --stage -- /home/oisin/DrinkingGames/Drinking-Games/api/models/cardimage.js
> git show :api/models/index.js
> git ls-files --stage -- /home/oisin/DrinkingGames/Drinking-Games/api/models/index.js
> git cat-file -s a750de4838a1362dac4c39f0b7fa8f5354d87482
> git show :api/models/rule.js
> git ls-files --stage -- /home/oisin/DrinkingGames/Drinking-Games/api/models/rule.js
> git status -z -u
> git symbolic-ref --short HEAD
> git rev-parse master
> git rev-parse --symbolic-full-name master@{u}
> git rev-list --left-right master...refs/remotes/origin/master
> git for-each-ref --format %(refname) %(objectname) --sort -committerdate
> git remote --verbose
Failed to watch ref '/home/oisin/DrinkingGames/Drinking-Games/.git/refs/remotes/origin/master', is most likely packed.
Error: ENOENT: no such file or directory, watch '/home/oisin/DrinkingGames/Drinking-Games/.git/refs/remotes/origin/master'
	at FSWatcher.start (internal/fs/watchers.js:165:26)
	at Object.watch (fs.js:1270:11)
	at Object.t.watch (/usr/share/code/resources/app/extensions/git/dist/main.js:1:596789)
	at E.updateTransientWatchers (/usr/share/code/resources/app/extensions/git/dist/main.js:1:82747)
	at l.fire (/usr/share/code/resources/app/out/vs/workbench/services/extensions/node/extensionHostProcess.js:48:865)
	at R.updateModelState (/usr/share/code/resources/app/extensions/git/dist/main.js:1:101605)
> git config --get commit.template
> git show :api/models/ruleorder.js
> git ls-files --stage -- /home/oisin/DrinkingGames/Drinking-Games/api/models/ruleorder.js
> git status -z -u
> git symbolic-ref --short HEAD
> git rev-parse master
> git rev-parse --symbolic-full-name master@{u}
> git rev-list --left-right master...refs/remotes/origin/master
> git for-each-ref --format %(refname) %(objectname) --sort -committerdate
> git remote --verbose
Failed to watch ref '/home/oisin/DrinkingGames/Drinking-Games/.git/refs/remotes/origin/master', is most likely packed.
Error: ENOENT: no such file or directory, watch '/home/oisin/DrinkingGames/Drinking-Games/.git/refs/remotes/origin/master'
	at FSWatcher.start (internal/fs/watchers.js:165:26)
	at Object.watch (fs.js:1270:11)
	at Object.t.watch (/usr/share/code/resources/app/extensions/git/dist/main.js:1:596789)
	at E.updateTransientWatchers (/usr/share/code/resources/app/extensions/git/dist/main.js:1:82747)
	at l.fire (/usr/share/code/resources/app/out/vs/workbench/services/extensions/node/extensionHostProcess.js:48:865)
	at R.updateModelState (/usr/share/code/resources/app/extensions/git/dist/main.js:1:101605)
> git config --get commit.template
> git show :api/models/ruleset.js
> git ls-files --stage -- /home/oisin/DrinkingGames/Drinking-Games/api/models/ruleset.js
> git status -z -u
> git symbolic-ref --short HEAD
> git rev-parse master
> git rev-parse --symbolic-full-name master@{u}
> git rev-list --left-right master...refs/remotes/origin/master
> git for-each-ref --format %(refname) %(objectname) --sort -committerdate
> git remote --verbose
Failed to watch ref '/home/oisin/DrinkingGames/Drinking-Games/.git/refs/remotes/origin/master', is most likely packed.
Error: ENOENT: no such file or directory, watch '/home/oisin/DrinkingGames/Drinking-Games/.git/refs/remotes/origin/master'
	at FSWatcher.start (internal/fs/watchers.js:165:26)
	at Object.watch (fs.js:1270:11)
	at Object.t.watch (/usr/share/code/resources/app/extensions/git/dist/main.js:1:596789)
	at E.updateTransientWatchers (/usr/share/code/resources/app/extensions/git/dist/main.js:1:82747)
	at l.fire (/usr/share/code/resources/app/out/vs/workbench/services/extensions/node/extensionHostProcess.js:48:865)
	at R.updateModelState (/usr/share/code/resources/app/extensions/git/dist/main.js:1:101605)
> git config --get commit.template
> git status -z -u
> git symbolic-ref --short HEAD
> git rev-parse master
> git rev-parse --symbolic-full-name master@{u}
> git rev-list --left-right master...refs/remotes/origin/master
> git for-each-ref --format %(refname) %(objectname) --sort -committerdate
> git remote --verbose
Failed to watch ref '/home/oisin/DrinkingGames/Drinking-Games/.git/refs/remotes/origin/master', is most likely packed.
Error: ENOENT: no such file or directory, watch '/home/oisin/DrinkingGames/Drinking-Games/.git/refs/remotes/origin/master'
	at FSWatcher.start (internal/fs/watchers.js:165:26)
	at Object.watch (fs.js:1270:11)
	at Object.t.watch (/usr/share/code/resources/app/extensions/git/dist/main.js:1:596789)
	at E.updateTransientWatchers (/usr/share/code/resources/app/extensions/git/dist/main.js:1:82747)
	at l.fire (/usr/share/code/resources/app/out/vs/workbench/services/extensions/node/extensionHostProcess.js:48:865)
	at R.updateModelState (/usr/share/code/resources/app/extensions/git/dist/main.js:1:101605)
> git config --get commit.template
> git show :api/models/user.js
> git ls-files --stage -- /home/oisin/DrinkingGames/Drinking-Games/api/models/user.js
> git status -z -u
> git symbolic-ref --short HEAD
> git rev-parse master
> git rev-parse --symbolic-full-name master@{u}
> git rev-list --left-right master...refs/remotes/origin/master
> git for-each-ref --format %(refname) %(objectname) --sort -committerdate
> git remote --verbose
Failed to watch ref '/home/oisin/DrinkingGames/Drinking-Games/.git/refs/remotes/origin/master', is most likely packed.
Error: ENOENT: no such file or directory, watch '/home/oisin/DrinkingGames/Drinking-Games/.git/refs/remotes/origin/master'
	at FSWatcher.start (internal/fs/watchers.js:165:26)
	at Object.watch (fs.js:1270:11)
	at Object.t.watch (/usr/share/code/resources/app/extensions/git/dist/main.js:1:596789)
	at E.updateTransientWatchers (/usr/share/code/resources/app/extensions/git/dist/main.js:1:82747)
	at l.fire (/usr/share/code/resources/app/out/vs/workbench/services/extensions/node/extensionHostProcess.js:48:865)
	at R.updateModelState (/usr/share/code/resources/app/extensions/git/dist/main.js:1:101605)
> git config --get commit.template
> git show :api/models/ruleset.js
> git ls-files --stage -- /home/oisin/DrinkingGames/Drinking-Games/api/models/ruleset.js
> git show :api/models/ruleorder.js
> git ls-files --stage -- /home/oisin/DrinkingGames/Drinking-Games/api/models/ruleorder.js
> git show :api/models/ruleset.js
> git ls-files --stage -- /home/oisin/DrinkingGames/Drinking-Games/api/models/ruleset.js
> git status -z -u
> git symbolic-ref --short HEAD
> git rev-parse master
> git rev-parse --symbolic-full-name master@{u}
> git rev-list --left-right master...refs/remotes/origin/master
> git for-each-ref --format %(refname) %(objectname) --sort -committerdate
> git remote --verbose
Failed to watch ref '/home/oisin/DrinkingGames/Drinking-Games/.git/refs/remotes/origin/master', is most likely packed.
Error: ENOENT: no such file or directory, watch '/home/oisin/DrinkingGames/Drinking-Games/.git/refs/remotes/origin/master'
	at FSWatcher.start (internal/fs/watchers.js:165:26)
	at Object.watch (fs.js:1270:11)
	at Object.t.watch (/usr/share/code/resources/app/extensions/git/dist/main.js:1:596789)
	at E.updateTransientWatchers (/usr/share/code/resources/app/extensions/git/dist/main.js:1:82747)
	at l.fire (/usr/share/code/resources/app/out/vs/workbench/services/extensions/node/extensionHostProcess.js:48:865)
	at R.updateModelState (/usr/share/code/resources/app/extensions/git/dist/main.js:1:101605)
> git config --get commit.template
> git status -z -u
> git symbolic-ref --short HEAD
> git rev-parse master
> git rev-parse --symbolic-full-name master@{u}
> git rev-list --left-right master...refs/remotes/origin/master
> git for-each-ref --format %(refname) %(objectname) --sort -committerdate
> git remote --verbose
Failed to watch ref '/home/oisin/DrinkingGames/Drinking-Games/.git/refs/remotes/origin/master', is most likely packed.
Error: ENOENT: no such file or directory, watch '/home/oisin/DrinkingGames/Drinking-Games/.git/refs/remotes/origin/master'
	at FSWatcher.start (internal/fs/watchers.js:165:26)
	at Object.watch (fs.js:1270:11)
	at Object.t.watch (/usr/share/code/resources/app/extensions/git/dist/main.js:1:596789)
	at E.updateTransientWatchers (/usr/share/code/resources/app/extensions/git/dist/main.js:1:82747)
	at l.fire (/usr/share/code/resources/app/out/vs/workbench/services/extensions/node/extensionHostProcess.js:48:865)
	at R.updateModelState (/usr/share/code/resources/app/extensions/git/dist/main.js:1:101605)
> git config --get commit.template
> git status -z -u
> git symbolic-ref --short HEAD
> git rev-parse master
> git rev-parse --symbolic-full-name master@{u}
> git rev-list --left-right master...refs/remotes/origin/master
> git for-each-ref --format %(refname) %(objectname) --sort -committerdate
> git remote --verbose
Failed to watch ref '/home/oisin/DrinkingGames/Drinking-Games/.git/refs/remotes/origin/master', is most likely packed.
Error: ENOENT: no such file or directory, watch '/home/oisin/DrinkingGames/Drinking-Games/.git/refs/remotes/origin/master'
	at FSWatcher.start (internal/fs/watchers.js:165:26)
	at Object.watch (fs.js:1270:11)
	at Object.t.watch (/usr/share/code/resources/app/extensions/git/dist/main.js:1:596789)
	at E.updateTransientWatchers (/usr/share/code/resources/app/extensions/git/dist/main.js:1:82747)
	at l.fire (/usr/share/code/resources/app/out/vs/workbench/services/extensions/node/extensionHostProcess.js:48:865)
	at R.updateModelState (/usr/share/code/resources/app/extensions/git/dist/main.js:1:101605)
> git config --get commit.template
> git status -z -u
> git symbolic-ref --short HEAD
> git rev-parse master
> git rev-parse --symbolic-full-name master@{u}
> git rev-list --left-right master...refs/remotes/origin/master
> git for-each-ref --format %(refname) %(objectname) --sort -committerdate
> git remote --verbose
Failed to watch ref '/home/oisin/DrinkingGames/Drinking-Games/.git/refs/remotes/origin/master', is most likely packed.
Error: ENOENT: no such file or directory, watch '/home/oisin/DrinkingGames/Drinking-Games/.git/refs/remotes/origin/master'
	at FSWatcher.start (internal/fs/watchers.js:165:26)
	at Object.watch (fs.js:1270:11)
	at Object.t.watch (/usr/share/code/resources/app/extensions/git/dist/main.js:1:596789)
	at E.updateTransientWatchers (/usr/share/code/resources/app/extensions/git/dist/main.js:1:82747)
	at l.fire (/usr/share/code/resources/app/out/vs/workbench/services/extensions/node/extensionHostProcess.js:48:865)
	at R.updateModelState (/usr/share/code/resources/app/extensions/git/dist/main.js:1:101605)
> git config --get commit.template
> git show :api/models/game.js
> git ls-files --stage -- /home/oisin/DrinkingGames/Drinking-Games/api/models/game.js
> git show :api/models/ruleorder.js
> git ls-files --stage -- /home/oisin/DrinkingGames/Drinking-Games/api/models/ruleorder.js
> git show :api/models/ruleset.js
> git ls-files --stage -- /home/oisin/DrinkingGames/Drinking-Games/api/models/ruleset.js
> git status -z -u
> git symbolic-ref --short HEAD
> git rev-parse master
> git rev-parse --symbolic-full-name master@{u}
> git rev-list --left-right master...refs/remotes/origin/master
> git for-each-ref --format %(refname) %(objectname) --sort -committerdate
> git remote --verbose
Failed to watch ref '/home/oisin/DrinkingGames/Drinking-Games/.git/refs/remotes/origin/master', is most likely packed.
Error: ENOENT: no such file or directory, watch '/home/oisin/DrinkingGames/Drinking-Games/.git/refs/remotes/origin/master'
	at FSWatcher.start (internal/fs/watchers.js:165:26)
	at Object.watch (fs.js:1270:11)
	at Object.t.watch (/usr/share/code/resources/app/extensions/git/dist/main.js:1:596789)
	at E.updateTransientWatchers (/usr/share/code/resources/app/extensions/git/dist/main.js:1:82747)
	at l.fire (/usr/share/code/resources/app/out/vs/workbench/services/extensions/node/extensionHostProcess.js:48:865)
	at R.updateModelState (/usr/share/code/resources/app/extensions/git/dist/main.js:1:101605)
> git config --get commit.template
> git status -z -u
> git symbolic-ref --short HEAD
> git rev-parse master
> git rev-parse --symbolic-full-name master@{u}
> git rev-list --left-right master...refs/remotes/origin/master
> git for-each-ref --format %(refname) %(objectname) --sort -committerdate
> git remote --verbose
Failed to watch ref '/home/oisin/DrinkingGames/Drinking-Games/.git/refs/remotes/origin/master', is most likely packed.
Error: ENOENT: no such file or directory, watch '/home/oisin/DrinkingGames/Drinking-Games/.git/refs/remotes/origin/master'
	at FSWatcher.start (internal/fs/watchers.js:165:26)
	at Object.watch (fs.js:1270:11)
	at Object.t.watch (/usr/share/code/resources/app/extensions/git/dist/main.js:1:596789)
	at E.updateTransientWatchers (/usr/share/code/resources/app/extensions/git/dist/main.js:1:82747)
	at l.fire (/usr/share/code/resources/app/out/vs/workbench/services/extensions/node/extensionHostProcess.js:48:865)
	at R.updateModelState (/usr/share/code/resources/app/extensions/git/dist/main.js:1:101605)
> git config --get commit.template
> git show :api/app.js
> git ls-files --stage -- /home/oisin/DrinkingGames/Drinking-Games/api/app.js
> git cat-file -s ee166591cb4c35aa3e168072ba528400cd678990
> git show :api/package.json
> git ls-files --stage -- /home/oisin/DrinkingGames/Drinking-Games/api/package.json
> git cat-file -s e76b781422b30a958d03a4a58ffe188b64aac837
> git show :api/models/ruleset.js
> git ls-files --stage -- /home/oisin/DrinkingGames/Drinking-Games/api/models/ruleset.js
> git show :api/models/rule.js
> git ls-files --stage -- /home/oisin/DrinkingGames/Drinking-Games/api/models/rule.js
> git status -z -u
> git symbolic-ref --short HEAD
> git rev-parse master
> git rev-parse --symbolic-full-name master@{u}
> git rev-list --left-right master...refs/remotes/origin/master
> git for-each-ref --format %(refname) %(objectname) --sort -committerdate
> git remote --verbose
Failed to watch ref '/home/oisin/DrinkingGames/Drinking-Games/.git/refs/remotes/origin/master', is most likely packed.
Error: ENOENT: no such file or directory, watch '/home/oisin/DrinkingGames/Drinking-Games/.git/refs/remotes/origin/master'
	at FSWatcher.start (internal/fs/watchers.js:165:26)
	at Object.watch (fs.js:1270:11)
	at Object.t.watch (/usr/share/code/resources/app/extensions/git/dist/main.js:1:596789)
	at E.updateTransientWatchers (/usr/share/code/resources/app/extensions/git/dist/main.js:1:82747)
	at l.fire (/usr/share/code/resources/app/out/vs/workbench/services/extensions/node/extensionHostProcess.js:48:865)
	at R.updateModelState (/usr/share/code/resources/app/extensions/git/dist/main.js:1:101605)
> git config --get commit.template
> git status -z -u
> git symbolic-ref --short HEAD
> git rev-parse master
> git rev-parse --symbolic-full-name master@{u}
> git rev-list --left-right master...refs/remotes/origin/master
> git for-each-ref --format %(refname) %(objectname) --sort -committerdate
> git remote --verbose
Failed to watch ref '/home/oisin/DrinkingGames/Drinking-Games/.git/refs/remotes/origin/master', is most likely packed.
Error: ENOENT: no such file or directory, watch '/home/oisin/DrinkingGames/Drinking-Games/.git/refs/remotes/origin/master'
	at FSWatcher.start (internal/fs/watchers.js:165:26)
	at Object.watch (fs.js:1270:11)
	at Object.t.watch (/usr/share/code/resources/app/extensions/git/dist/main.js:1:596789)
	at E.updateTransientWatchers (/usr/share/code/resources/app/extensions/git/dist/main.js:1:82747)
	at l.fire (/usr/share/code/resources/app/out/vs/workbench/services/extensions/node/extensionHostProcess.js:48:865)
	at R.updateModelState (/usr/share/code/resources/app/extensions/git/dist/main.js:1:101605)
> git config --get commit.template
> git status -z -u
> git symbolic-ref --short HEAD
> git rev-parse master
> git rev-parse --symbolic-full-name master@{u}
> git rev-list --left-right master...refs/remotes/origin/master
> git for-each-ref --format %(refname) %(objectname) --sort -committerdate
> git remote --verbose
Failed to watch ref '/home/oisin/DrinkingGames/Drinking-Games/.git/refs/remotes/origin/master', is most likely packed.
Error: ENOENT: no such file or directory, watch '/home/oisin/DrinkingGames/Drinking-Games/.git/refs/remotes/origin/master'
	at FSWatcher.start (internal/fs/watchers.js:165:26)
	at Object.watch (fs.js:1270:11)
	at Object.t.watch (/usr/share/code/resources/app/extensions/git/dist/main.js:1:596789)
	at E.updateTransientWatchers (/usr/share/code/resources/app/extensions/git/dist/main.js:1:82747)
	at l.fire (/usr/share/code/resources/app/out/vs/workbench/services/extensions/node/extensionHostProcess.js:48:865)
	at R.updateModelState (/usr/share/code/resources/app/extensions/git/dist/main.js:1:101605)
> git config --get commit.template
> git status -z -u
> git symbolic-ref --short HEAD
> git rev-parse master
> git rev-parse --symbolic-full-name master@{u}
> git rev-list --left-right master...refs/remotes/origin/master
> git for-each-ref --format %(refname) %(objectname) --sort -committerdate
> git remote --verbose
Failed to watch ref '/home/oisin/DrinkingGames/Drinking-Games/.git/refs/remotes/origin/master', is most likely packed.
Error: ENOENT: no such file or directory, watch '/home/oisin/DrinkingGames/Drinking-Games/.git/refs/remotes/origin/master'
	at FSWatcher.start (internal/fs/watchers.js:165:26)
	at Object.watch (fs.js:1270:11)
	at Object.t.watch (/usr/share/code/resources/app/extensions/git/dist/main.js:1:596789)
	at E.updateTransientWatchers (/usr/share/code/resources/app/extensions/git/dist/main.js:1:82747)
	at l.fire (/usr/share/code/resources/app/out/vs/workbench/services/extensions/node/extensionHostProcess.js:48:865)
	at R.updateModelState (/usr/share/code/resources/app/extensions/git/dist/main.js:1:101605)
> git config --get commit.template
> git status -z -u
> git symbolic-ref --short HEAD
> git rev-parse master
> git rev-parse --symbolic-full-name master@{u}
> git rev-list --left-right master...refs/remotes/origin/master
> git for-each-ref --format %(refname) %(objectname) --sort -committerdate
> git remote --verbose
Failed to watch ref '/home/oisin/DrinkingGames/Drinking-Games/.git/refs/remotes/origin/master', is most likely packed.
Error: ENOENT: no such file or directory, watch '/home/oisin/DrinkingGames/Drinking-Games/.git/refs/remotes/origin/master'
	at FSWatcher.start (internal/fs/watchers.js:165:26)
	at Object.watch (fs.js:1270:11)
	at Object.t.watch (/usr/share/code/resources/app/extensions/git/dist/main.js:1:596789)
	at E.updateTransientWatchers (/usr/share/code/resources/app/extensions/git/dist/main.js:1:82747)
	at l.fire (/usr/share/code/resources/app/out/vs/workbench/services/extensions/node/extensionHostProcess.js:48:865)
	at R.updateModelState (/usr/share/code/resources/app/extensions/git/dist/main.js:1:101605)
> git config --get commit.template
> git status -z -u
> git symbolic-ref --short HEAD
> git rev-parse master
> git rev-parse --symbolic-full-name master@{u}
> git rev-list --left-right master...refs/remotes/origin/master
> git for-each-ref --format %(refname) %(objectname) --sort -committerdate
> git remote --verbose
Failed to watch ref '/home/oisin/DrinkingGames/Drinking-Games/.git/refs/remotes/origin/master', is most likely packed.
Error: ENOENT: no such file or directory, watch '/home/oisin/DrinkingGames/Drinking-Games/.git/refs/remotes/origin/master'
	at FSWatcher.start (internal/fs/watchers.js:165:26)
	at Object.watch (fs.js:1270:11)
	at Object.t.watch (/usr/share/code/resources/app/extensions/git/dist/main.js:1:596789)
	at E.updateTransientWatchers (/usr/share/code/resources/app/extensions/git/dist/main.js:1:82747)
	at l.fire (/usr/share/code/resources/app/out/vs/workbench/services/extensions/node/extensionHostProcess.js:48:865)
	at R.updateModelState (/usr/share/code/resources/app/extensions/git/dist/main.js:1:101605)
> git config --get commit.template
> git show :api/models/ruleset.js
> git ls-files --stage -- /home/oisin/DrinkingGames/Drinking-Games/api/models/ruleset.js
> git status -z -u
> git symbolic-ref --short HEAD
> git rev-parse master
> git rev-parse --symbolic-full-name master@{u}
> git rev-list --left-right master...refs/remotes/origin/master
> git for-each-ref --format %(refname) %(objectname) --sort -committerdate
> git remote --verbose
Failed to watch ref '/home/oisin/DrinkingGames/Drinking-Games/.git/refs/remotes/origin/master', is most likely packed.
Error: ENOENT: no such file or directory, watch '/home/oisin/DrinkingGames/Drinking-Games/.git/refs/remotes/origin/master'
	at FSWatcher.start (internal/fs/watchers.js:165:26)
	at Object.watch (fs.js:1270:11)
	at Object.t.watch (/usr/share/code/resources/app/extensions/git/dist/main.js:1:596789)
	at E.updateTransientWatchers (/usr/share/code/resources/app/extensions/git/dist/main.js:1:82747)
	at l.fire (/usr/share/code/resources/app/out/vs/workbench/services/extensions/node/extensionHostProcess.js:48:865)
	at R.updateModelState (/usr/share/code/resources/app/extensions/git/dist/main.js:1:101605)
> git config --get commit.template
> git status -z -u
> git symbolic-ref --short HEAD
> git rev-parse master
> git rev-parse --symbolic-full-name master@{u}
> git rev-list --left-right master...refs/remotes/origin/master
> git for-each-ref --format %(refname) %(objectname) --sort -committerdate
> git remote --verbose
Failed to watch ref '/home/oisin/DrinkingGames/Drinking-Games/.git/refs/remotes/origin/master', is most likely packed.
Error: ENOENT: no such file or directory, watch '/home/oisin/DrinkingGames/Drinking-Games/.git/refs/remotes/origin/master'
	at FSWatcher.start (internal/fs/watchers.js:165:26)
	at Object.watch (fs.js:1270:11)
	at Object.t.watch (/usr/share/code/resources/app/extensions/git/dist/main.js:1:596789)
	at E.updateTransientWatchers (/usr/share/code/resources/app/extensions/git/dist/main.js:1:82747)
	at l.fire (/usr/share/code/resources/app/out/vs/workbench/services/extensions/node/extensionHostProcess.js:48:865)
	at R.updateModelState (/usr/share/code/resources/app/extensions/git/dist/main.js:1:101605)
> git config --get commit.template
> git status -z -u
> git symbolic-ref --short HEAD
> git rev-parse master
> git rev-parse --symbolic-full-name master@{u}
> git rev-list --left-right master...refs/remotes/origin/master
> git for-each-ref --format %(refname) %(objectname) --sort -committerdate
> git remote --verbose
Failed to watch ref '/home/oisin/DrinkingGames/Drinking-Games/.git/refs/remotes/origin/master', is most likely packed.
Error: ENOENT: no such file or directory, watch '/home/oisin/DrinkingGames/Drinking-Games/.git/refs/remotes/origin/master'
	at FSWatcher.start (internal/fs/watchers.js:165:26)
	at Object.watch (fs.js:1270:11)
	at Object.t.watch (/usr/share/code/resources/app/extensions/git/dist/main.js:1:596789)
	at E.updateTransientWatchers (/usr/share/code/resources/app/extensions/git/dist/main.js:1:82747)
	at l.fire (/usr/share/code/resources/app/out/vs/workbench/services/extensions/node/extensionHostProcess.js:48:865)
	at R.updateModelState (/usr/share/code/resources/app/extensions/git/dist/main.js:1:101605)
> git config --get commit.template
> git show :api/package.json
> git ls-files --stage -- /home/oisin/DrinkingGames/Drinking-Games/api/package.json
> git cat-file -s e76b781422b30a958d03a4a58ffe188b64aac837
> git show :api/models/game.js
> git ls-files --stage -- /home/oisin/DrinkingGames/Drinking-Games/api/models/game.js
> git show :api/models/ruleset.js
> git ls-files --stage -- /home/oisin/DrinkingGames/Drinking-Games/api/models/ruleset.js
> git show :api/package.json
> git ls-files --stage -- /home/oisin/DrinkingGames/Drinking-Games/api/package.json
> git cat-file -s e76b781422b30a958d03a4a58ffe188b64aac837
> git show :api/models/rule.js
> git ls-files --stage -- /home/oisin/DrinkingGames/Drinking-Games/api/models/rule.js
> git status -z -u
> git symbolic-ref --short HEAD
> git rev-parse master
> git rev-parse --symbolic-full-name master@{u}
> git rev-list --left-right master...refs/remotes/origin/master
> git for-each-ref --format %(refname) %(objectname) --sort -committerdate
> git remote --verbose
Failed to watch ref '/home/oisin/DrinkingGames/Drinking-Games/.git/refs/remotes/origin/master', is most likely packed.
Error: ENOENT: no such file or directory, watch '/home/oisin/DrinkingGames/Drinking-Games/.git/refs/remotes/origin/master'
	at FSWatcher.start (internal/fs/watchers.js:165:26)
	at Object.watch (fs.js:1270:11)
	at Object.t.watch (/usr/share/code/resources/app/extensions/git/dist/main.js:1:596789)
	at E.updateTransientWatchers (/usr/share/code/resources/app/extensions/git/dist/main.js:1:82747)
	at l.fire (/usr/share/code/resources/app/out/vs/workbench/services/extensions/node/extensionHostProcess.js:48:865)
	at R.updateModelState (/usr/share/code/resources/app/extensions/git/dist/main.js:1:101605)
> git config --get commit.template
> git status -z -u
> git symbolic-ref --short HEAD
> git rev-parse master
> git rev-parse --symbolic-full-name master@{u}
> git rev-list --left-right master...refs/remotes/origin/master
> git for-each-ref --format %(refname) %(objectname) --sort -committerdate
> git remote --verbose
Failed to watch ref '/home/oisin/DrinkingGames/Drinking-Games/.git/refs/remotes/origin/master', is most likely packed.
Error: ENOENT: no such file or directory, watch '/home/oisin/DrinkingGames/Drinking-Games/.git/refs/remotes/origin/master'
	at FSWatcher.start (internal/fs/watchers.js:165:26)
	at Object.watch (fs.js:1270:11)
	at Object.t.watch (/usr/share/code/resources/app/extensions/git/dist/main.js:1:596789)
	at E.updateTransientWatchers (/usr/share/code/resources/app/extensions/git/dist/main.js:1:82747)
	at l.fire (/usr/share/code/resources/app/out/vs/workbench/services/extensions/node/extensionHostProcess.js:48:865)
	at R.updateModelState (/usr/share/code/resources/app/extensions/git/dist/main.js:1:101605)
> git config --get commit.template
> git show :api/models/ruleorder.js
> git ls-files --stage -- /home/oisin/DrinkingGames/Drinking-Games/api/models/ruleorder.js
> git show :api/models/ruleset.js
> git ls-files --stage -- /home/oisin/DrinkingGames/Drinking-Games/api/models/ruleset.js
> git status -z -u
> git symbolic-ref --short HEAD
> git rev-parse master
> git rev-parse --symbolic-full-name master@{u}
> git rev-list --left-right master...refs/remotes/origin/master
> git for-each-ref --format %(refname) %(objectname) --sort -committerdate
> git remote --verbose
Failed to watch ref '/home/oisin/DrinkingGames/Drinking-Games/.git/refs/remotes/origin/master', is most likely packed.
Error: ENOENT: no such file or directory, watch '/home/oisin/DrinkingGames/Drinking-Games/.git/refs/remotes/origin/master'
	at FSWatcher.start (internal/fs/watchers.js:165:26)
	at Object.watch (fs.js:1270:11)
	at Object.t.watch (/usr/share/code/resources/app/extensions/git/dist/main.js:1:596789)
	at E.updateTransientWatchers (/usr/share/code/resources/app/extensions/git/dist/main.js:1:82747)
	at l.fire (/usr/share/code/resources/app/out/vs/workbench/services/extensions/node/extensionHostProcess.js:48:865)
	at R.updateModelState (/usr/share/code/resources/app/extensions/git/dist/main.js:1:101605)
> git config --get commit.template
> git show :api/models/ruleorder.js
> git ls-files --stage -- /home/oisin/DrinkingGames/Drinking-Games/api/models/ruleorder.js
> git show :api/models/rule.js
> git ls-files --stage -- /home/oisin/DrinkingGames/Drinking-Games/api/models/rule.js
> git show :api/models/ruleset.js
> git ls-files --stage -- /home/oisin/DrinkingGames/Drinking-Games/api/models/ruleset.js
> git status -z -u
> git symbolic-ref --short HEAD
> git rev-parse master
> git rev-parse --symbolic-full-name master@{u}
> git rev-list --left-right master...refs/remotes/origin/master
> git for-each-ref --format %(refname) %(objectname) --sort -committerdate
> git remote --verbose
Failed to watch ref '/home/oisin/DrinkingGames/Drinking-Games/.git/refs/remotes/origin/master', is most likely packed.
Error: ENOENT: no such file or directory, watch '/home/oisin/DrinkingGames/Drinking-Games/.git/refs/remotes/origin/master'
	at FSWatcher.start (internal/fs/watchers.js:165:26)
	at Object.watch (fs.js:1270:11)
	at Object.t.watch (/usr/share/code/resources/app/extensions/git/dist/main.js:1:596789)
	at E.updateTransientWatchers (/usr/share/code/resources/app/extensions/git/dist/main.js:1:82747)
	at l.fire (/usr/share/code/resources/app/out/vs/workbench/services/extensions/node/extensionHostProcess.js:48:865)
	at R.updateModelState (/usr/share/code/resources/app/extensions/git/dist/main.js:1:101605)
> git config --get commit.template
> git show :api/models/user.js
> git ls-files --stage -- /home/oisin/DrinkingGames/Drinking-Games/api/models/user.js
> git show :api/models/ruleorder.js
> git ls-files --stage -- /home/oisin/DrinkingGames/Drinking-Games/api/models/ruleorder.js
> git show :api/models/rule.js
> git ls-files --stage -- /home/oisin/DrinkingGames/Drinking-Games/api/models/rule.js
> git show :api/models/game.js
> git ls-files --stage -- /home/oisin/DrinkingGames/Drinking-Games/api/models/game.js
> git status -z -u
> git symbolic-ref --short HEAD
> git rev-parse master
> git rev-parse --symbolic-full-name master@{u}
> git rev-list --left-right master...refs/remotes/origin/master
> git for-each-ref --format %(refname) %(objectname) --sort -committerdate
> git remote --verbose
Failed to watch ref '/home/oisin/DrinkingGames/Drinking-Games/.git/refs/remotes/origin/master', is most likely packed.
Error: ENOENT: no such file or directory, watch '/home/oisin/DrinkingGames/Drinking-Games/.git/refs/remotes/origin/master'
	at FSWatcher.start (internal/fs/watchers.js:165:26)
	at Object.watch (fs.js:1270:11)
	at Object.t.watch (/usr/share/code/resources/app/extensions/git/dist/main.js:1:596789)
	at E.updateTransientWatchers (/usr/share/code/resources/app/extensions/git/dist/main.js:1:82747)
	at l.fire (/usr/share/code/resources/app/out/vs/workbench/services/extensions/node/extensionHostProcess.js:48:865)
	at R.updateModelState (/usr/share/code/resources/app/extensions/git/dist/main.js:1:101605)
> git config --get commit.template
